2024-12-07 14:51:54,822 - INFO - Starting data loading process...
2024-12-07 14:51:54,822 - INFO - Loading ratings from rating_matrix.csv
2024-12-07 14:51:55,637 - INFO - Loaded ratings matrix with shape: (6040, 3706)
2024-12-07 14:51:55,637 - INFO - Loading movies from movies.dat
2024-12-07 14:51:55,638 - ERROR - Error loading movies file: 'NoneType' object does not support item assignment
2024-12-07 14:51:55,638 - INFO - Successfully loaded 0 movies
2024-12-07 14:51:55,638 - INFO - Data loading completed in 0.82 seconds
2024-12-07 14:51:55,638 - INFO - Starting similarity matrix computation...
2024-12-07 14:51:55,638 - INFO - Centering ratings matrix...
2024-12-07 14:51:55,861 - INFO - Computing pairwise similarities...
2024-12-07 14:51:55,861 - INFO - Processing movie 1/6040
2024-12-07 14:54:15,697 - INFO - Starting data loading process...
2024-12-07 14:54:15,697 - INFO - Loading ratings from rating_matrix.csv
2024-12-07 14:54:16,514 - INFO - Loaded ratings matrix with shape: (6040, 3706)
2024-12-07 14:54:16,515 - INFO - Loading movies from movies.dat
2024-12-07 14:54:16,520 - INFO - Successfully loaded 3883 movies
2024-12-07 14:54:16,520 - INFO - Data loading completed in 0.82 seconds
2024-12-07 14:54:16,520 - INFO - Starting similarity matrix computation...
2024-12-07 14:54:16,520 - INFO - Centering ratings matrix...
2024-12-07 14:54:16,681 - INFO - Converting to dense matrix for similarity computation...
2024-12-07 14:54:16,737 - INFO - Computing cosine similarities...
2024-12-07 14:54:17,102 - INFO - Converting similarities to DataFrame...
2024-12-07 14:54:17,210 - INFO - Filtering top 30 similarities per movie...
2024-12-07 14:55:21,106 - INFO - Starting data loading process...
2024-12-07 14:55:21,106 - INFO - Loading ratings from rating_matrix.csv
2024-12-07 14:55:21,914 - INFO - Loaded ratings matrix with shape: (6040, 3706)
2024-12-07 14:55:21,915 - INFO - Loading movies from movies.dat
2024-12-07 14:55:21,917 - INFO - Successfully loaded 3883 movies
2024-12-07 14:55:21,917 - INFO - Data loading completed in 0.81 seconds
2024-12-07 14:55:21,917 - INFO - Starting similarity matrix computation...
2024-12-07 14:55:21,917 - INFO - Centering ratings matrix...
2024-12-07 14:55:22,054 - INFO - Converting to dense matrix for similarity computation...
2024-12-07 14:55:22,152 - INFO - Computing cosine similarities...
2024-12-07 14:55:22,501 - INFO - Converting similarities to DataFrame...
2024-12-07 14:55:22,681 - INFO - Filtering top 30 similarities per movie...
2024-12-07 14:55:26,055 - INFO - Saving similarity matrix to file...
2024-12-07 14:55:32,608 - INFO - Similarity matrix computation completed in 10.69 seconds
2024-12-07 14:55:33,020 - INFO - Starting IBCF recommendation process...
2024-12-07 14:55:33,020 - INFO - User has rated 0 movies
2024-12-07 14:55:33,725 - INFO - Generated 0 predictions
2024-12-07 14:55:33,725 - INFO - Only 0 predictions generated, filling with popular movies
2024-12-07 14:55:33,728 - INFO - IBCF recommendations completed in 0.71 seconds
2024-12-07 14:56:51,934 - INFO - Starting data loading process...
2024-12-07 14:56:51,934 - INFO - Loading ratings from rating_matrix.csv
2024-12-07 14:56:52,757 - INFO - Loaded ratings matrix with shape: (3706, 6040)
2024-12-07 14:56:52,758 - INFO - Loading movies from movies.dat
2024-12-07 14:56:52,760 - INFO - Successfully loaded 3883 movies
2024-12-07 14:56:52,760 - INFO - Data loading completed in 0.83 seconds
2024-12-07 14:56:52,760 - INFO - Starting similarity matrix computation...
2024-12-07 14:56:52,760 - INFO - Centering ratings matrix...
2024-12-07 14:56:52,837 - INFO - Converting to dense matrix for similarity computation...
2024-12-07 14:56:52,883 - INFO - Computing cosine similarities...
2024-12-07 14:56:53,084 - INFO - Converting similarities to DataFrame...
2024-12-07 14:56:53,108 - INFO - Filtering top 30 similarities per movie...
2024-12-07 14:56:54,369 - INFO - Saving similarity matrix to file...
2024-12-07 14:56:56,611 - INFO - Similarity matrix computation completed in 3.85 seconds
2024-12-07 14:56:56,788 - INFO - Starting IBCF recommendation process...
2024-12-07 14:56:56,788 - INFO - User has rated 6 movies
2024-12-07 14:56:57,236 - INFO - Generated 566 predictions
2024-12-07 14:56:57,236 - INFO - IBCF recommendations completed in 0.45 seconds
